Started GET "/" for ::1 at 2019-09-08 22:25:59 +0530
Processing by Rails::WelcomeController#index as HTML
  Rendering /Users/indrajit/.rvm/gems/ruby-head/gems/railties-5.2.3/lib/rails/templates/rails/welcome/index.html.erb
  Rendered /Users/indrajit/.rvm/gems/ruby-head/gems/railties-5.2.3/lib/rails/templates/rails/welcome/index.html.erb (5.5ms)
Completed 200 OK in 18ms (Views: 12.6ms | ActiveRecord: 0.0ms)


  [1m[35m (5.7ms)[0m  [1m[34mSELECT sqlite_version(*)[0m
  ↳ /Users/indrajit/.rvm/gems/ruby-head/bin/rake:23
  [1m[35m (5.5ms)[0m  [1m[35mCREATE TABLE "schema_migrations" ("version" varchar NOT NULL PRIMARY KEY)[0m
  ↳ /Users/indrajit/.rvm/gems/ruby-head/bin/rake:23
  [1m[35m (1.4ms)[0m  [1m[35mCREATE TABLE "ar_internal_metadata" ("key" varchar NOT NULL PRIMARY KEY, "value" varchar, "created_at" datetime NOT NULL, "updated_at" datetime NOT NULL)[0m
  ↳ /Users/indrajit/.rvm/gems/ruby-head/bin/rake:23
  [1m[35m (0.1ms)[0m  [1m[34mSELECT "schema_migrations"."version" FROM "schema_migrations" ORDER BY "schema_migrations"."version" ASC[0m
  ↳ /Users/indrajit/.rvm/gems/ruby-head/bin/rake:23
Migrating to CreatePosts (20190908165931)
  [1m[35m (0.1ms)[0m  [1m[36mbegin transaction[0m
  ↳ /Users/indrajit/.rvm/gems/ruby-head/bin/rake:23
  [1m[35m (0.5ms)[0m  [1m[35mCREATE TABLE "posts" ("id" integer PRIMARY KEY AUTOINCREMENT NOT NULL, "name" varchar, "title" varchar, "content" text, "created_at" datetime NOT NULL, "updated_at" datetime NOT NULL)[0m
  ↳ db/migrate/20190908165931_create_posts.rb:3
  [1m[36mActiveRecord::SchemaMigration Create (2.4ms)[0m  [1m[32mINSERT INTO "schema_migrations" ("version") VALUES (?)[0m  [["version", "20190908165931"]]
  ↳ /Users/indrajit/.rvm/gems/ruby-head/bin/rake:23
  [1m[35m (1.0ms)[0m  [1m[36mcommit transaction[0m
  ↳ /Users/indrajit/.rvm/gems/ruby-head/bin/rake:23
Migrating to CreateGeographies (20190908170022)
  [1m[35m (0.1ms)[0m  [1m[36mbegin transaction[0m
  ↳ /Users/indrajit/.rvm/gems/ruby-head/bin/rake:23
  [1m[35m (0.5ms)[0m  [1m[35mCREATE TABLE "geographies" ("id" integer PRIMARY KEY AUTOINCREMENT NOT NULL, "latitude" varchar, "longitude" varchar, "created_at" datetime NOT NULL, "updated_at" datetime NOT NULL)[0m
  ↳ db/migrate/20190908170022_create_geographies.rb:3
  [1m[36mActiveRecord::SchemaMigration Create (0.3ms)[0m  [1m[32mINSERT INTO "schema_migrations" ("version") VALUES (?)[0m  [["version", "20190908170022"]]
  ↳ /Users/indrajit/.rvm/gems/ruby-head/bin/rake:23
  [1m[35m (0.9ms)[0m  [1m[36mcommit transaction[0m
  ↳ /Users/indrajit/.rvm/gems/ruby-head/bin/rake:23
  [1m[36mActiveRecord::InternalMetadata Load (0.3ms)[0m  [1m[34mSELECT  "ar_internal_metadata".* FROM "ar_internal_metadata" WHERE "ar_internal_metadata"."key" = ? LIMIT ?[0m  [["key", "environment"], ["LIMIT", 1]]
  ↳ /Users/indrajit/.rvm/gems/ruby-head/bin/rake:23
  [1m[35m (0.1ms)[0m  [1m[36mbegin transaction[0m
  ↳ /Users/indrajit/.rvm/gems/ruby-head/bin/rake:23
  [1m[36mActiveRecord::InternalMetadata Create (0.5ms)[0m  [1m[32mINSERT INTO "ar_internal_metadata" ("key", "value", "created_at", "updated_at") VALUES (?, ?, ?, ?)[0m  [["key", "environment"], ["value", "development"], ["created_at", "2019-09-08 17:03:49.423265"], ["updated_at", "2019-09-08 17:03:49.423265"]]
  ↳ /Users/indrajit/.rvm/gems/ruby-head/bin/rake:23
  [1m[35m (0.7ms)[0m  [1m[36mcommit transaction[0m
  ↳ /Users/indrajit/.rvm/gems/ruby-head/bin/rake:23
  [1m[35m (0.1ms)[0m  [1m[34mSELECT "schema_migrations"."version" FROM "schema_migrations" ORDER BY "schema_migrations"."version" ASC[0m
  ↳ /Users/indrajit/.rvm/gems/ruby-head/bin/rake:23
  [1m[35m (0.5ms)[0m  [1m[34mSELECT "schema_migrations"."version" FROM "schema_migrations" ORDER BY "schema_migrations"."version" ASC[0m
  ↳ /Users/indrajit/.rvm/gems/ruby-head/bin/rake:23
  [1m[35m (0.0ms)[0m  [1m[36mbegin transaction[0m
  ↳ db/seeds/geography.rb:2
  [1m[36mGeography Create (1.5ms)[0m  [1m[32mINSERT INTO "geographies" ("latitude", "longitude", "created_at", "updated_at") VALUES (?, ?, ?, ?)[0m  [["latitude", "0"], ["longitude", "0"], ["created_at", "2019-09-08 17:14:23.523186"], ["updated_at", "2019-09-08 17:14:23.523186"]]
  ↳ db/seeds/geography.rb:2
  [1m[35m (0.7ms)[0m  [1m[36mcommit transaction[0m
  ↳ db/seeds/geography.rb:2
  [1m[35m (0.0ms)[0m  [1m[36mbegin transaction[0m
  ↳ db/seeds/geography.rb:3
  [1m[36mGeography Create (0.2ms)[0m  [1m[32mINSERT INTO "geographies" ("latitude", "longitude", "created_at", "updated_at") VALUES (?, ?, ?, ?)[0m  [["latitude", "10"], ["longitude", "10"], ["created_at", "2019-09-08 17:14:23.527460"], ["updated_at", "2019-09-08 17:14:23.527460"]]
  ↳ db/seeds/geography.rb:3
  [1m[35m (0.6ms)[0m  [1m[36mcommit transaction[0m
  ↳ db/seeds/geography.rb:3
  [1m[35m (0.0ms)[0m  [1m[36mbegin transaction[0m
  ↳ db/seeds/geography.rb:4
  [1m[36mGeography Create (0.2ms)[0m  [1m[32mINSERT INTO "geographies" ("latitude", "longitude", "created_at", "updated_at") VALUES (?, ?, ?, ?)[0m  [["latitude", "20"], ["longitude", "20"], ["created_at", "2019-09-08 17:14:23.529412"], ["updated_at", "2019-09-08 17:14:23.529412"]]
  ↳ db/seeds/geography.rb:4
  [1m[35m (1.3ms)[0m  [1m[36mcommit transaction[0m
  ↳ db/seeds/geography.rb:4
  [1m[35m (0.1ms)[0m  [1m[36mbegin transaction[0m
  ↳ db/seeds/geography.rb:5
  [1m[36mGeography Create (0.5ms)[0m  [1m[32mINSERT INTO "geographies" ("latitude", "longitude", "created_at", "updated_at") VALUES (?, ?, ?, ?)[0m  [["latitude", "30"], ["longitude", "30"], ["created_at", "2019-09-08 17:14:23.532660"], ["updated_at", "2019-09-08 17:14:23.532660"]]
  ↳ db/seeds/geography.rb:5
  [1m[35m (1.2ms)[0m  [1m[36mcommit transaction[0m
  ↳ db/seeds/geography.rb:5
  [1m[35m (0.0ms)[0m  [1m[36mbegin transaction[0m
  ↳ db/seeds/geography.rb:6
  [1m[36mGeography Create (0.5ms)[0m  [1m[32mINSERT INTO "geographies" ("latitude", "longitude", "created_at", "updated_at") VALUES (?, ?, ?, ?)[0m  [["latitude", "40"], ["longitude", "40"], ["created_at", "2019-09-08 17:14:23.535805"], ["updated_at", "2019-09-08 17:14:23.535805"]]
  ↳ db/seeds/geography.rb:6
  [1m[35m (0.9ms)[0m  [1m[36mcommit transaction[0m
  ↳ db/seeds/geography.rb:6
  [1m[35m (0.1ms)[0m  [1m[36mbegin transaction[0m
  ↳ db/seeds/geography.rb:7
  [1m[36mGeography Create (0.4ms)[0m  [1m[32mINSERT INTO "geographies" ("latitude", "longitude", "created_at", "updated_at") VALUES (?, ?, ?, ?)[0m  [["latitude", "50"], ["longitude", "50"], ["created_at", "2019-09-08 17:14:23.539445"], ["updated_at", "2019-09-08 17:14:23.539445"]]
  ↳ db/seeds/geography.rb:7
  [1m[35m (1.3ms)[0m  [1m[36mcommit transaction[0m
  ↳ db/seeds/geography.rb:7
  [1m[35m (5.5ms)[0m  [1m[34mSELECT COUNT(*) FROM "geographies"[0m
  [1m[36mGeography Load (0.3ms)[0m  [1m[34mSELECT  "geographies".* FROM "geographies" LIMIT ?[0m  [["LIMIT", 11]]
